d:\utad\2º semestre\lab\sopa_de_letras\sopa_de_letras\debug\vc141.pdb
d:\utad\2º semestre\lab\sopa_de_letras\sopa_de_letras\debug\vc141.idb
d:\utad\2º semestre\lab\sopa_de_letras\sopa_de_letras\debug\word.obj
d:\utad\2º semestre\lab\sopa_de_letras\sopa_de_letras\debug\point.obj
d:\utad\2º semestre\lab\sopa_de_letras\sopa_de_letras\debug\sopa_de_letras.obj
d:\utad\2º semestre\lab\sopa_de_letras\sopa_de_letras\debug\char.obj
d:\utad\2º semestre\lab\sopa_de_letras\sopa_de_letras\debug\board.obj
d:\utad\2º semestre\lab\sopa_de_letras\sopa_de_letras\debug\game.obj
d:\utad\2º semestre\lab\sopa_de_letras\sopa_de_letras\debug\sopa_de_letras.pch
d:\utad\2º semestre\lab\sopa_de_letras\sopa_de_letras\debug\pch.obj
d:\utad\2º semestre\lab\sopa_de_letras\sopa_de_letras\debug\score.obj
d:\utad\2º semestre\lab\sopa_de_letras\sopa_de_letras\debug\player.obj
d:\utad\2º semestre\lab\sopa_de_letras\sopa_de_letras\debug\rooky.obj
d:\utad\2º semestre\lab\sopa_de_letras\sopa_de_letras\debug\master.obj
d:\utad\2º semestre\lab\sopa_de_letras\debug\sopa_de_letras.exe
d:\utad\2º semestre\lab\sopa_de_letras\debug\sopa_de_letras.ilk
d:\utad\2º semestre\lab\sopa_de_letras\debug\sopa_de_letras.pdb
d:\utad\2º semestre\lab\sopa_de_letras\sopa_de_letras\debug\board.obj.enc
d:\utad\2º semestre\lab\sopa_de_letras\sopa_de_letras\debug\sopa_de_letras.obj.enc
d:\utad\2º semestre\lab\sopa_de_letras\sopa_de_letras\debug\sopa_de_letras.tlog\cl.command.1.tlog
d:\utad\2º semestre\lab\sopa_de_letras\sopa_de_letras\debug\sopa_de_letras.tlog\cl.read.1.tlog
d:\utad\2º semestre\lab\sopa_de_letras\sopa_de_letras\debug\sopa_de_letras.tlog\cl.write.1.tlog
d:\utad\2º semestre\lab\sopa_de_letras\sopa_de_letras\debug\sopa_de_letras.tlog\link.command.1.tlog
d:\utad\2º semestre\lab\sopa_de_letras\sopa_de_letras\debug\sopa_de_letras.tlog\link.read.1.tlog
d:\utad\2º semestre\lab\sopa_de_letras\sopa_de_letras\debug\sopa_de_letras.tlog\link.write.1.tlog
